<?xml version="1.0" encoding="UTF-8" ?>
<testsuite failures="0" time="0.012" errors="0" skipped="0" tests="19" name="com.oracle.tools.runtime.PropertiesBuilderTest">
  <properties>
[...]
</properties>
  <testcase time="0.001" classname="com.oracle.tools.runtime.PropertiesBuilderTest" name="shouldDefaultToEmptyProperties"/>
  <testcase time="0" classname="com.oracle.tools.runtime.PropertiesBuilderTest" name="shouldUseMapOfValuesFromConstructor"/>
  <testcase time="0" classname="com.oracle.tools.runtime.PropertiesBuilderTest" name="shouldUsePropertiesFromConstructor"/>
  <testcase time="0" classname="com.oracle.tools.runtime.PropertiesBuilderTest" name="shouldUsePropertiesBuilderFromConstructor"/>
  <testcase time="0" classname="com.oracle.tools.runtime.PropertiesBuilderTest" name="shouldAddPropertiesBuilder"/>
  <testcase time="0" classname="com.oracle.tools.runtime.PropertiesBuilderTest" name="shouldClear"/>
  <testcase time="0" classname="com.oracle.tools.runtime.PropertiesBuilderTest" name="shouldContainProperty"/>
  <testcase time="0.002" classname="com.oracle.tools.runtime.PropertiesBuilderTest" name="shouldCopyEnvironment"/>
  <testcase time="0.001" classname="com.oracle.tools.runtime.PropertiesBuilderTest" name="shouldCopySystemProperties"/>
  <testcase time="0.001" classname="com.oracle.tools.runtime.PropertiesBuilderTest" name="shouldLoadFromPropertiesFile"/>
  <testcase time="0.001" classname="com.oracle.tools.runtime.PropertiesBuilderTest" name="shouldRealizeWithPropertiesBuilderOverrides"/>
  <testcase time="0" classname="com.oracle.tools.runtime.PropertiesBuilderTest" name="shouldUseIteratorForPropertyValue"/>
  <testcase time="0" classname="com.oracle.tools.runtime.PropertiesBuilderTest" name="shouldRemoveProperty"/>
  <testcase time="0" classname="com.oracle.tools.runtime.PropertiesBuilderTest" name="shouldSetPropertyFromObject"/>
  <testcase time="0.001" classname="com.oracle.tools.runtime.PropertiesBuilderTest" name="shouldReturnCorrectSize"/>
  <testcase time="0" classname="com.oracle.tools.runtime.PropertiesBuilderTest" name="shouldUseDefaultIfPropertyNotSet"/>
  <testcase time="0" classname="com.oracle.tools.runtime.PropertiesBuilderTest" name="shouldNotUseDefaultIfPropertySet"/>
  <testcase time="0" classname="com.oracle.tools.runtime.PropertiesBuilderTest" name="shouldUseDefaultIfPropertySetThenUnset"/>
  <testcase time="0" classname="com.oracle.tools.runtime.PropertiesBuilderTest" name="shouldUseDefaultIteratorProperty"/>
</testsuite>